SAMPLES/Admin/AppRestrictionEnforcer/Application/build/outputs/logs/manifest-merger-debug-report.txt
-- Merging decision tree log ---
manifest
ADDED from src\main\AndroidManifest.xml:18:1-58:12
	package
		ADDED from src\main\AndroidManifest.xml:19:5-57
	android:versionName
		ADDED from src\main\AndroidManifest.xml:21:5-30
		INJECTED from src\main\AndroidManifest.xml
		INJECTED from src\main\AndroidManifest.xml
	android:versionCode
		ADDED from src\main\AndroidManifest.xml:20:5-28
		INJECTED from src\main\AndroidManifest.xml
		INJECTED from src\main\AndroidManifest.xml
	xmlns:android
		ADDED from src\main\AndroidManifest.xml:18:11-69
application
ADDED from src\main\AndroidManifest.xml:23:5-55:19
MERGED from [com.android.support:support-v13:23.3.0] AndroidManifest.xml:22:5-20
MERGED from [com.android.support:support-v4:23.3.0] AndroidManifest.xml:22:5-20
MERGED from [com.android.support:support-v4:23.3.0] AndroidManifest.xml:22:5-20
MERGED from [com.android.support:cardview-v7:23.3.0] AndroidManifest.xml:22:5-20
	android:label
		ADDED from src\main\AndroidManifest.xml:26:9-41
	android:allowBackup
		ADDED from src\main\AndroidManifest.xml:24:9-35
	android:icon
		ADDED from src\main\AndroidManifest.xml:25:9-45
	android:theme
		ADDED from src\main\AndroidManifest.xml:27:9-40
activity#com.example.android.apprestrictionenforcer.MainActivity
ADDED from src\main\AndroidManifest.xml:29:9-36:20
	android:label
		ADDED from src\main\AndroidManifest.xml:31:13-45
	android:name
		ADDED from src\main\AndroidManifest.xml:30:13-41
intent-filter#android.intent.action.MAIN+android.intent.category.LAUNCHER
ADDED from src\main\AndroidManifest.xml:32:13-35:29
action#android.intent.action.MAIN
ADDED from src\main\AndroidManifest.xml:33:17-69
	android:name
		ADDED from src\main\AndroidManifest.xml:33:25-66
category#android.intent.category.LAUNCHER
ADDED from src\main\AndroidManifest.xml:34:17-77
	android:name
		ADDED from src\main\AndroidManifest.xml:34:27-74
activity#com.example.android.apprestrictionenforcer.EnableProfileActivity
ADDED from src\main\AndroidManifest.xml:38:9-40:48
	android:label
		ADDED from src\main\AndroidManifest.xml:40:13-45
	android:name
		ADDED from src\main\AndroidManifest.xml:39:13-50
receiver#com.example.android.apprestrictionenforcer.EnforcerDeviceAdminReceiver
ADDED from src\main\AndroidManifest.xml:42:9-53:20
	android:label
		ADDED from src\main\AndroidManifest.xml:45:13-45
	android:permission
		ADDED from src\main\AndroidManifest.xml:46:13-70
	android:description
		ADDED from src\main\AndroidManifest.xml:44:13-51
	android:name
		ADDED from src\main\AndroidManifest.xml:43:13-56
meta-data#android.app.device_admin
ADDED from src\main\AndroidManifest.xml:47:13-49:73
	android:resource
		ADDED from src\main\AndroidManifest.xml:49:17-71
	android:name
		ADDED from src\main\AndroidManifest.xml:48:17-56
intent-filter#android.app.action.DEVICE_ADMIN_ENABLED
ADDED from src\main\AndroidManifest.xml:50:13-52:29
action#android.app.action.DEVICE_ADMIN_ENABLED
ADDED from src\main\AndroidManifest.xml:51:17-81
	android:name
		ADDED from src\main\AndroidManifest.xml:51:25-79
uses-sdk
INJECTED from src\main\AndroidManifest.xml reason: use-sdk injection requested
MERGED from [com.android.support:support-v13:23.3.0] AndroidManifest.xml:20:5-44
MERGED from [com.android.support:support-v4:23.3.0] AndroidManifest.xml:20:5-43
MERGED from [com.android.support:support-v4:23.3.0] AndroidManifest.xml:20:5-43
MERGED from [com.android.support:cardview-v7:23.3.0] AndroidManifest.xml:20:5-43
	android:targetSdkVersion
		INJECTED from src\main\AndroidManifest.xml
		INJECTED from src\main\AndroidManifest.xml
	android:minSdkVersion
		INJECTED from src\main\AndroidManifest.xml
		INJECTED from src\main\AndroidManifest.xml